<?xml version="1.0" encoding="UTF-8"?>
<!-- Generated by org.testng.reporters.JUnitXMLReporter -->
<testsuite ignored="2" hostname="LIN76003319" failures="0" tests="1" name="Default test" time="14.152" errors="0" timestamp="2022-09-11T10:31:53 IST">
  <testcase classname="TestCases.SimpliLearnLogin" name="Test3" time="8.418"/>
  <testcase classname="TestCases.SimpliLearnLogin" name="Test1" time="0.0">
    <ignored/>
  </testcase> <!-- Test1 -->
  <testcase classname="TestCases.SimpliLearnLogin" name="Test2" time="0.0">
    <ignored/>
  </testcase> <!-- Test2 -->
</testsuite> <!-- Default test -->
