<?xml version="1.0" encoding="UTF-8"?>
<!-- Generated by org.testng.reporters.JUnitXMLReporter -->
<testsuite ignored="2" hostname="LIN76003319" failures="0" tests="4" name="Test" time="32.741" errors="0" timestamp="2022-09-17T10:07:49 IST">
  <testcase classname="TestCases.BaseClass" name="@BeforeMethod SetUp" time="0.001">
    <failure type="java.lang.NullPointerException">
      <![CDATA[java.lang.NullPointerException
at TestCases.BaseClass.SetUp(BaseClass.java:51)
at java.base/java.util.ArrayList.forEach(ArrayList.java:1541)
... Removed 31 stack frames]]>
    </failure>
  </testcase> <!-- @BeforeMethod SetUp -->
  <testcase classname="TestCases.BaseClass" name="@AfterMethod TearDown" time="0.0">
    <skipped/>
  </testcase> <!-- @AfterMethod TearDown -->
  <testcase classname="TestCases.SimpliLearnLogin" name="Test1" time="9.786"/>
  <testcase classname="TestCases.SimpliLearnLogin" name="Test2" time="5.956"/>
  <testcase classname="TestCases.SimpliLearnLogin" name="Test3" time="5.753"/>
  <testcase classname="TestCases.HomeTest" name="Test1" time="0.0">
    <skipped/>
  </testcase> <!-- Test1 -->
  <testcase classname="TestCases.BaseClass" name="@BeforeTest DataSetup" time="0.0">
    <ignored/>
  </testcase> <!-- @BeforeTest DataSetup -->
  <testcase classname="TestCases.BaseClass" name="@AfterTest DataClean" time="0.0">
    <ignored/>
  </testcase> <!-- @AfterTest DataClean -->
</testsuite> <!-- Test -->
