<?xml version="1.0" encoding="UTF-8"?>
<!-- Generated by org.testng.reporters.JUnitXMLReporter -->
<testsuite ignored="2" hostname="LIN76003319" failures="0" tests="4" name="Test" time="45.906" errors="0" timestamp="2022-09-11T10:50:08 IST">
  <testcase classname="TestCases.SimpliLearnLogin" name="Test1" time="8.569"/>
  <testcase classname="TestCases.SimpliLearnLogin" name="Test2" time="9.098"/>
  <testcase classname="TestCases.SimpliLearnLogin" name="Test3" time="8.899"/>
  <testcase classname="TestCases.HomeTest" name="Test1" time="0.001"/>
  <testcase classname="TestCases.BaseClass" name="@AfterTest DataClean" time="0.0">
    <ignored/>
  </testcase> <!-- @AfterTest DataClean -->
  <testcase classname="TestCases.BaseClass" name="@BeforeTest DataSetup" time="0.0">
    <ignored/>
  </testcase> <!-- @BeforeTest DataSetup -->
</testsuite> <!-- Test -->
