<?xml version="1.0" encoding="UTF-8"?>
<!-- Generated by org.testng.reporters.JUnitXMLReporter -->
<testsuite hostname="LIN76003319" ignored="0" name="Test" tests="3" failures="0" timestamp="2022-09-18T11:54:01 IST" time="36.62" errors="0">
  <testcase name="Test1" time="9.129" classname="TestCases.SimpliLearnLogin"/>
  <testcase name="Test2" time="6.016" classname="TestCases.SimpliLearnLogin"/>
  <testcase name="Test3" time="5.041" classname="TestCases.SimpliLearnLogin"/>
</testsuite> <!-- Test -->
