<?xml version="1.0" encoding="UTF-8"?>
<testng-results skipped="0" failed="0" ignored="0" total="3" passed="3">
  <reporter-output>
  </reporter-output>
  <suite name="Suite" duration-ms="31391" started-at="2022-09-11T09:21:57 IST" finished-at="2022-09-11T09:22:28 IST">
    <groups>
    </groups>
    <test name="Test" duration-ms="31391" started-at="2022-09-11T09:21:57 IST" finished-at="2022-09-11T09:22:28 IST">
      <class name="TestCases.HomeTest">
        <test-method status="PASS" signature="SetUp()[pri:0, instance:TestCases.HomeTest@2833cc44]" name="SetUp" is-config="true" duration-ms="2248" started-at="2022-09-11T09:22:26 IST" finished-at="2022-09-11T09:22:28 IST">
          <reporter-output>
          </reporter-output>
        </test-method> <!-- SetUp -->
        <test-method status="PASS" signature="Test1()[pri:0, instance:TestCases.HomeTest@2833cc44]" name="Test1" duration-ms="1" started-at="2022-09-11T09:22:28 IST" finished-at="2022-09-11T09:22:28 IST">
          <reporter-output>
          </reporter-output>
        </test-method> <!-- Test1 -->
        <test-method status="PASS" signature="TearDown()[pri:0, instance:TestCases.HomeTest@2833cc44]" name="TearDown" is-config="true" duration-ms="117" started-at="2022-09-11T09:22:28 IST" finished-at="2022-09-11T09:22:28 IST">
          <reporter-output>
          </reporter-output>
        </test-method> <!-- TearDown -->
      </class> <!-- TestCases.HomeTest -->
      <class name="TestCases.SimpliLearnLogin">
        <test-method status="PASS" signature="SetUp()[pri:0, instance:TestCases.SimpliLearnLogin@7c29daf3]" name="SetUp" is-config="true" duration-ms="3120" started-at="2022-09-11T09:21:57 IST" finished-at="2022-09-11T09:22:00 IST">
          <reporter-output>
          </reporter-output>
        </test-method> <!-- SetUp -->
        <test-method status="PASS" signature="Test1()[pri:0, instance:TestCases.SimpliLearnLogin@7c29daf3]" name="Test1" duration-ms="8767" started-at="2022-09-11T09:22:00 IST" finished-at="2022-09-11T09:22:08 IST">
          <reporter-output>
          </reporter-output>
        </test-method> <!-- Test1 -->
        <test-method status="PASS" signature="TearDown()[pri:0, instance:TestCases.SimpliLearnLogin@7c29daf3]" name="TearDown" is-config="true" duration-ms="2438" started-at="2022-09-11T09:22:08 IST" finished-at="2022-09-11T09:22:11 IST">
          <reporter-output>
          </reporter-output>
        </test-method> <!-- TearDown -->
        <test-method status="PASS" signature="SetUp()[pri:0, instance:TestCases.SimpliLearnLogin@7c29daf3]" name="SetUp" is-config="true" duration-ms="2359" started-at="2022-09-11T09:22:11 IST" finished-at="2022-09-11T09:22:13 IST">
          <reporter-output>
          </reporter-output>
        </test-method> <!-- SetUp -->
        <test-method status="PASS" signature="Test2()[pri:0, instance:TestCases.SimpliLearnLogin@7c29daf3]" name="Test2" duration-ms="9896" started-at="2022-09-11T09:22:13 IST" finished-at="2022-09-11T09:22:23 IST">
          <reporter-output>
          </reporter-output>
        </test-method> <!-- Test2 -->
        <test-method status="PASS" signature="TearDown()[pri:0, instance:TestCases.SimpliLearnLogin@7c29daf3]" name="TearDown" is-config="true" duration-ms="2418" started-at="2022-09-11T09:22:23 IST" finished-at="2022-09-11T09:22:26 IST">
          <reporter-output>
          </reporter-output>
        </test-method> <!-- TearDown -->
      </class> <!-- TestCases.SimpliLearnLogin -->
    </test> <!-- Test -->
  </suite> <!-- Suite -->
</testng-results>
