<?xml version="1.0" encoding="UTF-8"?>
<testng-results ignored="2" total="6" passed="4" failed="0" skipped="0">
  <reporter-output>
  </reporter-output>
  <suite started-at="2022-09-11T10:49:22 IST" name="Suite" finished-at="2022-09-11T10:50:08 IST" duration-ms="45906">
    <groups>
    </groups>
    <test started-at="2022-09-11T10:49:22 IST" name="Test" finished-at="2022-09-11T10:50:08 IST" duration-ms="45906">
      <class name="TestCases.HomeTest">
        <test-method is-config="true" signature="SetUp()[pri:0, instance:TestCases.HomeTest@306e95ec]" started-at="2022-09-11T10:50:04 IST" name="SetUp" finished-at="2022-09-11T10:50:06 IST" duration-ms="1809" status="PASS">
          <reporter-output>
          </reporter-output>
        </test-method> <!-- SetUp -->
        <test-method signature="Test1()[pri:0, instance:TestCases.HomeTest@306e95ec]" started-at="2022-09-11T10:50:06 IST" name="Test1" finished-at="2022-09-11T10:50:06 IST" duration-ms="1" status="PASS">
          <reporter-output>
          </reporter-output>
        </test-method> <!-- Test1 -->
        <test-method is-config="true" signature="TearDown()[pri:0, instance:TestCases.HomeTest@306e95ec]" started-at="2022-09-11T10:50:06 IST" name="TearDown" finished-at="2022-09-11T10:50:08 IST" duration-ms="2425" status="PASS">
          <reporter-output>
          </reporter-output>
        </test-method> <!-- TearDown -->
      </class> <!-- TestCases.HomeTest -->
      <class name="TestCases.SimpliLearnLogin">
        <test-method is-config="true" signature="DataSetup()[pri:0, instance:TestCases.SimpliLearnLogin@25fb8912]" started-at="2022-09-11T10:49:22 IST" name="DataSetup" finished-at="2022-09-11T10:49:23 IST" duration-ms="385" status="PASS">
          <reporter-output>
          </reporter-output>
        </test-method> <!-- DataSetup -->
        <test-method is-config="true" signature="SetUp()[pri:0, instance:TestCases.SimpliLearnLogin@25fb8912]" started-at="2022-09-11T10:49:23 IST" name="SetUp" finished-at="2022-09-11T10:49:26 IST" duration-ms="2907" status="PASS">
          <reporter-output>
          </reporter-output>
        </test-method> <!-- SetUp -->
        <test-method signature="Test1()[pri:0, instance:TestCases.SimpliLearnLogin@25fb8912]" started-at="2022-09-11T10:49:26 IST" name="Test1" finished-at="2022-09-11T10:49:34 IST" duration-ms="8569" status="PASS">
          <reporter-output>
          </reporter-output>
        </test-method> <!-- Test1 -->
        <test-method is-config="true" signature="TearDown()[pri:0, instance:TestCases.SimpliLearnLogin@25fb8912]" started-at="2022-09-11T10:49:34 IST" name="TearDown" finished-at="2022-09-11T10:49:37 IST" duration-ms="2434" status="PASS">
          <reporter-output>
          </reporter-output>
        </test-method> <!-- TearDown -->
        <test-method is-config="true" signature="SetUp()[pri:0, instance:TestCases.SimpliLearnLogin@25fb8912]" started-at="2022-09-11T10:49:37 IST" name="SetUp" finished-at="2022-09-11T10:49:39 IST" duration-ms="2375" status="PASS">
          <reporter-output>
          </reporter-output>
        </test-method> <!-- SetUp -->
        <test-method signature="Test2(java.lang.String,java.lang.String)[pri:0, instance:TestCases.SimpliLearnLogin@25fb8912]" started-at="2022-09-11T10:49:39 IST" name="Test2" finished-at="2022-09-11T10:49:48 IST" duration-ms="9098" status="PASS">
          <params>
            <param index="0">
              <value>
                <![CDATA[abc@xyz.com]]>
              </value>
            </param>
            <param index="1">
              <value>
                <![CDATA[Abc@1234]]>
              </value>
            </param>
          </params>
          <reporter-output>
          </reporter-output>
        </test-method> <!-- Test2 -->
        <test-method is-config="true" signature="TearDown()[pri:0, instance:TestCases.SimpliLearnLogin@25fb8912]" started-at="2022-09-11T10:49:48 IST" name="TearDown" finished-at="2022-09-11T10:49:51 IST" duration-ms="2436" status="PASS">
          <reporter-output>
          </reporter-output>
        </test-method> <!-- TearDown -->
        <test-method is-config="true" signature="SetUp()[pri:0, instance:TestCases.SimpliLearnLogin@25fb8912]" started-at="2022-09-11T10:49:51 IST" name="SetUp" finished-at="2022-09-11T10:49:53 IST" duration-ms="2101" status="PASS">
          <reporter-output>
          </reporter-output>
        </test-method> <!-- SetUp -->
        <test-method signature="Test3()[pri:0, instance:TestCases.SimpliLearnLogin@25fb8912]" started-at="2022-09-11T10:49:53 IST" name="Test3" finished-at="2022-09-11T10:50:02 IST" duration-ms="8899" status="PASS">
          <reporter-output>
          </reporter-output>
        </test-method> <!-- Test3 -->
        <test-method is-config="true" signature="TearDown()[pri:0, instance:TestCases.SimpliLearnLogin@25fb8912]" started-at="2022-09-11T10:50:02 IST" name="TearDown" finished-at="2022-09-11T10:50:04 IST" duration-ms="2432" status="PASS">
          <reporter-output>
          </reporter-output>
        </test-method> <!-- TearDown -->
        <test-method is-config="true" signature="DataClean()[pri:0, instance:TestCases.SimpliLearnLogin@25fb8912]" started-at="2022-09-11T10:50:08 IST" name="DataClean" finished-at="2022-09-11T10:50:08 IST" duration-ms="0" status="PASS">
          <reporter-output>
          </reporter-output>
        </test-method> <!-- DataClean -->
      </class> <!-- TestCases.SimpliLearnLogin -->
    </test> <!-- Test -->
  </suite> <!-- Suite -->
</testng-results>
